[2016-03-03 09:28:42] user-add.ERROR: Undefined index: branch_id ["Username: user"] []
[2016-03-03 09:37:12] user-add.ERROR: Undefined index: branch_id ["Username: user1"] []
[2016-03-03 09:38:47] user-add.ERROR: Undefined index: department_data ["Username: user"] []
[2016-03-03 09:40:04] user-add.INFO: Successfully added! ["Username: user"] []
[2016-03-03 11:30:53] update-user.INFO: Successfully Updated! ["Username:user"] []
[2016-03-03 11:31:05] update-user.INFO: Successfully Updated! ["Username:user"] []
[2016-03-03 11:31:21] update-user.INFO: Successfully Updated! ["Username:admin"] []
[2016-03-03 11:31:41] update-user.INFO: Successfully Updated! ["Username:admin"] []
[2016-03-03 11:41:20] update-user.INFO: Successfully Updated! ["Username:admin"] []
[2016-03-03 11:50:38] destroy-user.INFO: Successfully Deleted!change status to cancel ["User id:2"] []
[2016-03-03 13:50:44] user-add.INFO: Successfully added! ["Username: ccc"] []
[2016-03-03 15:24:18] route-insert-in-permission.INFO: Successfully insert ["Permission id: 5"] []
[2016-03-03 15:24:18] route-insert-in-permission.INFO: Successfully insert ["Permission id: 6"] []
[2016-03-03 15:24:18] route-insert-in-permission.INFO: Successfully insert ["Permission id: 7"] []
[2016-03-03 15:24:18] route-insert-in-permission.INFO: Successfully insert ["Permission id: 8"] []
[2016-03-03 15:24:18] route-insert-in-permission.INFO: Successfully insert ["Permission id: 9"] []
[2016-03-03 15:24:18] route-insert-in-permission.INFO: Successfully insert ["Permission id: 10"] []
[2016-03-03 15:24:18] route-insert-in-permission.INFO: Successfully insert ["Permission id: 11"] []
[2016-03-03 15:24:18] route-insert-in-permission.INFO: Successfully insert ["Permission id: 12"] []
[2016-03-03 15:24:18] route-insert-in-permission.INFO: Successfully insert ["Permission id: 13"] []
[2016-03-03 15:24:18] route-insert-in-permission.INFO: Successfully insert ["Permission id: 14"] []
[2016-03-03 15:24:18] route-insert-in-permission.INFO: Successfully insert ["Permission id: 15"] []
[2016-03-03 15:24:18] route-insert-in-permission.INFO: Successfully insert ["Permission id: 16"] []
[2016-03-03 15:24:18] route-insert-in-permission.INFO: Successfully insert ["Permission id: 17"] []
[2016-03-03 15:24:18] route-insert-in-permission.INFO: Successfully insert ["Permission id: 18"] []
[2016-03-03 15:24:18] route-insert-in-permission.INFO: Successfully insert ["Permission id: 19"] []
[2016-03-03 15:24:18] route-insert-in-permission.INFO: Successfully insert ["Permission id: 20"] []
[2016-03-03 15:24:18] route-insert-in-permission.INFO: Successfully insert ["Permission id: 21"] []
[2016-03-03 15:24:18] route-insert-in-permission.INFO: Successfully insert ["Permission id: 22"] []
[2016-03-03 15:24:18] route-insert-in-permission.INFO: Successfully insert ["Permission id: 23"] []
[2016-03-03 15:24:18] route-insert-in-permission.INFO: Successfully insert ["Permission id: 24"] []
[2016-03-03 15:24:18] route-insert-in-permission.INFO: Successfully insert ["Permission id: 25"] []
[2016-03-03 15:24:18] route-insert-in-permission.INFO: Successfully insert ["Permission id: 26"] []
[2016-03-03 15:24:18] route-insert-in-permission.INFO: Successfully insert ["Permission id: 27"] []
[2016-03-03 15:24:18] route-insert-in-permission.INFO: Successfully insert ["Permission id: 28"] []
[2016-03-03 15:24:18] route-insert-in-permission.INFO: Successfully insert ["Permission id: 29"] []
[2016-03-03 15:24:18] route-insert-in-permission.INFO: Successfully insert ["Permission id: 30"] []
[2016-03-03 15:24:18] route-insert-in-permission.INFO: Successfully insert ["Permission id: 31"] []
[2016-03-03 15:24:18] route-insert-in-permission.INFO: Successfully insert ["Permission id: 32"] []
[2016-03-03 15:24:18] route-insert-in-permission.INFO: Successfully insert ["Permission id: 33"] []
[2016-03-03 15:24:18] route-insert-in-permission.INFO: Successfully insert ["Permission id: 34"] []
[2016-03-03 15:24:18] route-insert-in-permission.INFO: Successfully insert ["Permission id: 35"] []
[2016-03-03 15:24:18] route-insert-in-permission.INFO: Successfully insert ["Permission id: 36"] []
[2016-03-03 15:24:18] route-insert-in-permission.INFO: Successfully insert ["Permission id: 37"] []
[2016-03-03 15:24:18] route-insert-in-permission.INFO: Successfully insert ["Permission id: 38"] []
[2016-03-03 15:24:18] route-insert-in-permission.INFO: Successfully insert ["Permission id: 39"] []
[2016-03-03 15:24:18] route-insert-in-permission.INFO: Successfully insert ["Permission id: 40"] []
[2016-03-03 15:24:18] route-insert-in-permission.INFO: Successfully insert ["Permission id: 41"] []
[2016-03-03 15:24:18] route-insert-in-permission.INFO: Successfully insert ["Permission id: 42"] []
[2016-03-03 15:24:18] route-insert-in-permission.INFO: Successfully insert ["Permission id: 43"] []
[2016-03-03 15:24:18] route-insert-in-permission.INFO: Successfully insert ["Permission id: 44"] []
[2016-03-03 15:24:18] route-insert-in-permission.INFO: Successfully insert ["Permission id: 45"] []
[2016-03-03 15:24:18] route-insert-in-permission.INFO: Successfully insert ["Permission id: 46"] []
[2016-03-03 15:24:18] route-insert-in-permission.INFO: Successfully insert ["Permission id: 47"] []
[2016-03-03 15:24:18] route-insert-in-permission.INFO: Successfully insert ["Permission id: 48"] []
[2016-03-03 15:24:18] route-insert-in-permission.INFO: Successfully insert ["Permission id: 49"] []
[2016-03-03 15:24:18] route-insert-in-permission.INFO: Successfully insert ["Permission id: 50"] []
[2016-03-03 15:24:18] route-insert-in-permission.INFO: Successfully insert ["Permission id: 51"] []
[2016-03-03 15:24:18] route-insert-in-permission.INFO: Successfully insert ["Permission id: 52"] []
[2016-03-03 15:24:18] route-insert-in-permission.INFO: Successfully insert ["Permission id: 53"] []
[2016-03-03 15:24:18] route-insert-in-permission.INFO: Successfully insert ["Permission id: 54"] []
[2016-03-03 15:24:18] route-insert-in-permission.INFO: Successfully insert ["Permission id: 55"] []
[2016-03-03 15:24:18] route-insert-in-permission.INFO: Successfully insert ["Permission id: 56"] []
[2016-03-03 15:24:18] route-insert-in-permission.INFO: Successfully insert ["Permission id: 57"] []
[2016-03-03 15:24:18] route-insert-in-permission.INFO: Successfully insert ["Permission id: 58"] []
[2016-03-03 15:24:18] route-insert-in-permission.INFO: Successfully insert ["Permission id: 59"] []
[2016-03-03 15:24:18] route-insert-in-permission.INFO: Successfully insert ["Permission id: 60"] []
[2016-03-03 15:24:18] route-insert-in-permission.INFO: Successfully insert ["Permission id: 61"] []
[2016-03-03 15:24:18] route-insert-in-permission.INFO: Successfully insert ["Permission id: 62"] []
[2016-03-03 15:24:18] route-insert-in-permission.INFO: Successfully insert ["Permission id: 63"] []
[2016-03-03 15:24:18] route-insert-in-permission.INFO: Successfully insert ["Permission id: 64"] []
[2016-03-03 15:24:18] route-insert-in-permission.INFO: Successfully insert ["Permission id: 65"] []
[2016-03-03 15:24:18] route-insert-in-permission.INFO: Successfully insert ["Permission id: 66"] []
[2016-03-03 15:24:18] route-insert-in-permission.INFO: Successfully insert ["Permission id: 67"] []
[2016-03-03 15:24:18] route-insert-in-permission.INFO: Successfully insert ["Permission id: 68"] []
[2016-03-03 15:24:18] route-insert-in-permission.INFO: Successfully insert ["Permission id: 69"] []
[2016-03-03 15:24:18] route-insert-in-permission.INFO: Successfully insert ["Permission id: 70"] []
[2016-03-03 15:24:18] route-insert-in-permission.INFO: Successfully insert ["Permission id: 71"] []
[2016-03-03 15:24:18] route-insert-in-permission.INFO: Successfully insert ["Permission id: 72"] []
[2016-03-03 15:24:18] route-insert-in-permission.INFO: Successfully insert ["Permission id: 73"] []
[2016-03-03 15:24:18] route-insert-in-permission.INFO: Successfully insert ["Permission id: 74"] []
[2016-03-03 15:24:18] route-insert-in-permission.INFO: Successfully insert ["Permission id: 75"] []
[2016-03-03 15:24:18] route-insert-in-permission.INFO: Successfully insert ["Permission id: 76"] []
[2016-03-03 15:24:18] route-insert-in-permission.INFO: Successfully insert ["Permission id: 77"] []
[2016-03-03 15:26:05] store-permission-role.INFO: successfully added ["Permission role role_id1"] []
[2016-03-03 15:26:05] store-permission-role.INFO: successfully added ["Permission role role_id1"] []
[2016-03-03 15:26:05] store-permission-role.INFO: successfully added ["Permission role role_id1"] []
[2016-03-03 15:26:05] store-permission-role.INFO: successfully added ["Permission role role_id1"] []
[2016-03-03 15:26:05] store-permission-role.INFO: successfully added ["Permission role role_id1"] []
[2016-03-03 15:26:05] store-permission-role.INFO: successfully added ["Permission role role_id1"] []
[2016-03-03 15:26:05] store-permission-role.INFO: successfully added ["Permission role role_id1"] []
[2016-03-03 15:26:05] store-permission-role.INFO: successfully added ["Permission role role_id1"] []
[2016-03-03 15:26:05] store-permission-role.INFO: successfully added ["Permission role role_id1"] []
[2016-03-03 15:26:05] store-permission-role.INFO: successfully added ["Permission role role_id1"] []
[2016-03-03 15:26:05] store-permission-role.INFO: successfully added ["Permission role role_id1"] []
[2016-03-03 15:26:05] store-permission-role.INFO: successfully added ["Permission role role_id1"] []
[2016-03-03 15:26:05] store-permission-role.INFO: successfully added ["Permission role role_id1"] []
[2016-03-03 15:26:05] store-permission-role.ERROR: SQLSTATE[23000]: Integrity constraint violation: 1452 Cannot add or update a child row: a foreign key constraint fails (`bitd`.`permission_role`, CONSTRAINT `permission_role_permission_id_foreign` FOREIGN KEY (`permission_id`) REFERENCES `permissions` (`id`)) (SQL: insert into `permission_role` (`role_id`, `permission_id`, `status`, `created_by`, `updated_at`, `created_at`) values (1, 17, active, 1, 2016-03-03 15:26:05, 2016-03-03 15:26:05)) ["Permission role role_id1"] []
[2016-03-03 15:26:05] store-permission-role.INFO: successfully added ["Permission role role_id1"] []
[2016-03-03 15:26:05] store-permission-role.INFO: successfully added ["Permission role role_id1"] []
[2016-03-03 15:26:05] store-permission-role.INFO: successfully added ["Permission role role_id1"] []
[2016-03-03 15:26:05] store-permission-role.INFO: successfully added ["Permission role role_id1"] []
[2016-03-03 15:26:05] store-permission-role.INFO: successfully added ["Permission role role_id1"] []
[2016-03-03 15:26:05] store-permission-role.INFO: successfully added ["Permission role role_id1"] []
[2016-03-03 15:26:05] store-permission-role.INFO: successfully added ["Permission role role_id1"] []
[2016-03-03 15:26:05] store-permission-role.INFO: successfully added ["Permission role role_id1"] []
[2016-03-03 15:26:05] store-permission-role.INFO: successfully added ["Permission role role_id1"] []
[2016-03-03 15:26:05] store-permission-role.INFO: successfully added ["Permission role role_id1"] []
[2016-03-03 15:26:05] store-permission-role.INFO: successfully added ["Permission role role_id1"] []
[2016-03-03 15:26:05] store-permission-role.INFO: successfully added ["Permission role role_id1"] []
[2016-03-03 15:26:05] store-permission-role.INFO: successfully added ["Permission role role_id1"] []
[2016-03-03 15:26:05] store-permission-role.INFO: successfully added ["Permission role role_id1"] []
[2016-03-03 15:26:05] store-permission-role.INFO: successfully added ["Permission role role_id1"] []
[2016-03-03 15:26:05] store-permission-role.INFO: successfully added ["Permission role role_id1"] []
[2016-03-03 15:26:05] store-permission-role.INFO: successfully added ["Permission role role_id1"] []
[2016-03-03 15:26:05] store-permission-role.INFO: successfully added ["Permission role role_id1"] []
[2016-03-03 15:26:05] store-permission-role.INFO: successfully added ["Permission role role_id1"] []
[2016-03-03 15:26:05] store-permission-role.INFO: successfully added ["Permission role role_id1"] []
[2016-03-03 15:26:05] store-permission-role.INFO: successfully added ["Permission role role_id1"] []
[2016-03-03 15:26:05] store-permission-role.INFO: successfully added ["Permission role role_id1"] []
[2016-03-03 15:26:05] store-permission-role.INFO: successfully added ["Permission role role_id1"] []
[2016-03-03 15:26:05] store-permission-role.INFO: successfully added ["Permission role role_id1"] []
[2016-03-03 15:26:05] store-permission-role.INFO: successfully added ["Permission role role_id1"] []
[2016-03-03 15:26:05] store-permission-role.INFO: successfully added ["Permission role role_id1"] []
[2016-03-03 15:26:05] store-permission-role.INFO: successfully added ["Permission role role_id1"] []
[2016-03-03 15:26:05] store-permission-role.INFO: successfully added ["Permission role role_id1"] []
[2016-03-03 15:26:05] store-permission-role.INFO: successfully added ["Permission role role_id1"] []
[2016-03-03 15:26:05] store-permission-role.INFO: successfully added ["Permission role role_id1"] []
[2016-03-03 15:26:05] store-permission-role.INFO: successfully added ["Permission role role_id1"] []
[2016-03-03 15:26:05] store-permission-role.INFO: successfully added ["Permission role role_id1"] []
[2016-03-03 15:26:05] store-permission-role.INFO: successfully added ["Permission role role_id1"] []
[2016-03-03 15:26:05] store-permission-role.INFO: successfully added ["Permission role role_id1"] []
[2016-03-03 15:26:05] store-permission-role.INFO: successfully added ["Permission role role_id1"] []
[2016-03-03 15:26:05] store-permission-role.INFO: successfully added ["Permission role role_id1"] []
[2016-03-03 15:26:05] store-permission-role.INFO: successfully added ["Permission role role_id1"] []
[2016-03-03 15:26:05] store-permission-role.INFO: successfully added ["Permission role role_id1"] []
[2016-03-03 15:26:05] store-permission-role.INFO: successfully added ["Permission role role_id1"] []
[2016-03-03 15:26:05] store-permission-role.INFO: successfully added ["Permission role role_id1"] []
[2016-03-03 15:26:05] store-permission-role.INFO: successfully added ["Permission role role_id1"] []
[2016-03-03 15:26:05] store-permission-role.INFO: successfully added ["Permission role role_id1"] []
[2016-03-03 15:26:05] store-permission-role.INFO: successfully added ["Permission role role_id1"] []
[2016-03-03 15:26:05] store-permission-role.INFO: successfully added ["Permission role role_id1"] []
[2016-03-03 15:26:05] store-permission-role.INFO: successfully added ["Permission role role_id1"] []
[2016-03-03 15:26:05] store-permission-role.INFO: successfully added ["Permission role role_id1"] []
[2016-03-03 15:26:05] store-permission-role.INFO: successfully added ["Permission role role_id1"] []
[2016-03-03 15:26:05] store-permission-role.INFO: successfully added ["Permission role role_id1"] []
[2016-03-03 15:26:05] store-permission-role.INFO: successfully added ["Permission role role_id1"] []
[2016-03-03 15:26:05] store-permission-role.INFO: successfully added ["Permission role role_id1"] []
[2016-03-03 15:26:05] store-permission-role.INFO: successfully added ["Permission role role_id1"] []
[2016-03-03 15:26:05] store-permission-role.INFO: successfully added ["Permission role role_id1"] []
[2016-03-03 15:26:05] store-permission-role.INFO: successfully added ["Permission role role_id1"] []
[2016-03-03 15:26:05] store-permission-role.INFO: successfully added ["Permission role role_id1"] []
[2016-03-03 15:26:05] store-permission-role.INFO: successfully added ["Permission role role_id1"] []
[2016-03-03 15:26:05] store-permission-role.INFO: successfully added ["Permission role role_id1"] []
[2016-03-03 15:26:05] store-permission-role.INFO: successfully added ["Permission role role_id1"] []
[2016-03-03 15:26:05] store-permission-role.INFO: successfully added ["Permission role role_id1"] []
[2016-03-03 15:26:05] store-permission-role.INFO: successfully added ["Permission role role_id1"] []
[2016-03-03 15:26:05] store-permission-role.INFO: successfully added ["Permission role role_id1"] []
[2016-03-03 15:28:35] store-permission-role.INFO: successfully added ["Permission role role_id2"] []
[2016-03-03 15:28:35] store-permission-role.INFO: successfully added ["Permission role role_id2"] []
[2016-03-03 15:28:35] store-permission-role.INFO: successfully added ["Permission role role_id2"] []
[2016-03-03 15:28:35] store-permission-role.INFO: successfully added ["Permission role role_id2"] []
[2016-03-03 15:28:35] store-permission-role.INFO: successfully added ["Permission role role_id2"] []
[2016-03-03 15:28:35] store-permission-role.INFO: successfully added ["Permission role role_id2"] []
[2016-03-03 15:28:35] store-permission-role.INFO: successfully added ["Permission role role_id2"] []
[2016-03-03 15:28:35] store-permission-role.INFO: successfully added ["Permission role role_id2"] []
[2016-03-03 15:28:35] store-permission-role.INFO: successfully added ["Permission role role_id2"] []
[2016-03-03 15:28:35] store-permission-role.INFO: successfully added ["Permission role role_id2"] []
[2016-03-03 15:28:35] store-permission-role.INFO: successfully added ["Permission role role_id2"] []
[2016-03-03 15:28:35] store-permission-role.INFO: successfully added ["Permission role role_id2"] []
[2016-03-03 15:28:35] store-permission-role.INFO: successfully added ["Permission role role_id2"] []
[2016-03-03 15:30:57] store-permission-role.INFO: successfully added ["Permission role role_id2"] []
[2016-03-03 15:30:57] store-permission-role.INFO: successfully added ["Permission role role_id2"] []
[2016-03-03 15:30:57] store-permission-role.INFO: successfully added ["Permission role role_id2"] []
[2016-03-03 15:30:57] store-permission-role.INFO: successfully added ["Permission role role_id2"] []
[2016-03-03 15:30:57] store-permission-role.INFO: successfully added ["Permission role role_id2"] []
[2016-03-03 15:30:57] store-permission-role.INFO: successfully added ["Permission role role_id2"] []
[2016-03-03 15:30:57] store-permission-role.INFO: successfully added ["Permission role role_id2"] []
[2016-03-03 15:33:24] store-permission-role.INFO: successfully added ["Permission role role_id2"] []